<dataset>
    <ContinentA NameA="Africa" AreaA="3.02547e+07"/>
		
	<CountryA NameA="Algeria" CodeA="DZ" CapitalA="Algier" AreaA="2.38174e+06" PopulationA="29183032"/>
	<CountryA NameA="Ghana" CodeA="GH" CapitalA="Accra" AreaA="238540" PopulationA="17698271"/>
	<CountryA NameA="Morocco" CodeA="MA" CapitalA="Rabat" AreaA="446550" PopulationA="29779156"/>
	<CountryA NameA="Togo" CodeA="RT" CapitalA="Lome" AreaA="56790" PopulationA="4570530"/>
	<CountryA NameA="Western Sahara" CodeA="WSA" CapitalA="El Aaiun" AreaA="266000" PopulationA="222631"/>
	
	<EncompassesA CountryA="DZ" ContinentA="Africa" PercentageA="100"/>
	<EncompassesA CountryA="GH" ContinentA="Africa" PercentageA="100"/>
	<EncompassesA CountryA="MA" ContinentA="Africa" PercentageA="100"/>
	<EncompassesA CountryA="RT" ContinentA="Africa" PercentageA="100"/>
	<EncompassesA CountryA="WSA" ContinentA="Africa" PercentageA="100"/>	
	
	<BordersA Country1A="DZ" Country2A="MA" LengthA="1559"/>
	<BordersA Country1A="DZ" Country2A="WSA" LengthA="42"/>
	<BordersA Country1A="GH" Country2A="RT" LengthA="877"/>
	<BordersA Country1A="MA" Country2A="WSA" LengthA="443"/>
		
	<CityA NameA="Algier" CountryA="DZ" PopulationA="1507241" LongitudeA="3.05" LatitudeA="36.7667"/>
	<CityA NameA="Oran" CountryA="DZ" PopulationA="609823" LongitudeA="0.4" LatitudeA="35.4"/>
	<CityA NameA="Accra" CountryA="GH" PopulationA="867459" LongitudeA="-0.2" LatitudeA="5.55"/>
	<CityA NameA="Cape Coast" CountryA="GH" PopulationA="57224" LongitudeA="0" LatitudeA="0"/>
	<CityA NameA="Casablanca" CountryA="MA" PopulationA="2940623" LongitudeA="-7.65" LatitudeA="33.5833"/>
	<CityA NameA="Marrakech" CountryA="MA" PopulationA="745541" LongitudeA="0" LatitudeA="0"/>
	<CityA NameA="Rabat" CountryA="MA" PopulationA="1385872" LongitudeA="-6.5" LatitudeA="33.6"/>
	<CityA NameA="Lome" CountryA="RT" PopulationA="0" LongitudeA="1.1" LatitudeA="6.1"/>
	<CityA NameA="El Aaiun" CountryA="WSA" PopulationA="0" LongitudeA="-13.2" LatitudeA="27.05"/>
	
</dataset>

