<dataset>
    <Continent Name="Europe" Area="9.56249e+06"/>
	
	<Country Name="United Kingdom" Code="GB" Capital="London" Province="Greater London" Area="244820" Population="58489975"/>
	<Country Name="Germany" Code="D" Capital="Berlin" Province="Berlin" Area="356910" Population="83536115"/>
	<Country Name="Ireland" Code="IRL" Capital="Dublin" Province="Ireland" Area="70280" Population="3566833"/>
	<Country Name="Denmark" Code="DK" Capital="Copenhagen" Province="Denmark" Area="43070" Population="5249632"/>
	
	<Encompasses Country="GB" Continent="Europe" Percentage="100"/>
	<Encompasses Country="D" Continent="Europe" Percentage="100"/>
	<Encompasses Country="IRL" Continent="Europe" Percentage="100"/>
	<Encompasses Country="DK" Continent="Europe" Percentage="100"/>
	
	<Borders Country1="D" Country2="DK" Length="68"/>
	<Borders Country1="GB" Country2="IRL" Length="360"/>	
	
	<Province Name="Greater London" Country="GB" Population="6803100" Area="1579" Capital="London" CapProv="Greater London"/>
	<Province Name="Berlin" Country="D" Population="3472009" Area="889" Capital="Berlin" CapProv="Berlin"/>
	<Province Name="Hamburg" Country="D" Population="1705872" Area="755" Capital="Hamburg" CapProv="Hamburg"/>
	<Province Name="Bayern" Country="D" Population="11921944" Area="70546" Capital="Munich" CapProv="Bayern"/>
	<Province Name="West Midlands" Country="GB" Population="2619000" Area="899" Capital="Birmingham" CapProv="West Midlands"/>
	<Province Name="West Yorkshire" Country="GB" Population="2066200" Area="2039" Capital="Wakefield" CapProv="West Yorkshire"/>
	<Province Name="Ireland" Country="IRL" Population="3566833" Area="0" Capital="Dublin" CapProv="Ireland"/>
	<Province Name="Denmark" Country="DK" Population="5249632" Area="0" Capital="Copenhagen" CapProv="Denmark"/>
	<Province Name="Greater Manchester" Country="GB" Population="2561600" Area="1287" Capital="Manchester" CapProv="Greater Manchester"/>
		
	<City Name="Berlin" Country="D" Province="Berlin" Population="3472009" Longitude="13.3" Latitude="52.45"/>
	<City Name="Hamburg" Country="D" Province="Hamburg" Population="1705872" Longitude="9.96667" Latitude="53.55"/>
	<City Name="Munich" Country="D" Province="Bayern" Population="1290079" Longitude="11.5667" Latitude="48.15"/>
	<City Name="Dublin" Country="IRL" Province="Ireland" Population="502337" Longitude="-6.35" Latitude="53.3667"/>
	<City Name="Copenhagen" Country="DK" Province="Denmark" Population="1358540" Longitude="12.55" Latitude="55.6833"/>
	<City Name="Aarhus" Country="DK" Province="Denmark" Population="194345" Longitude="10.1" Latitude="56.1"/>
	<City Name="Manchester" Country="GB" Province="Greater Manchester" Population="431100" Longitude="0" Latitude="0"/>	
	<City Name="London" Country="GB" Province="Greater London" Population="6967500" Longitude="0" Latitude="51.4833"/>
	<City Name="Birmingham" Country="GB" Province="West Midlands" Population="1008400" Longitude="-1.93333" Latitude="52.4833"/>
	<City Name="Leeds" Country="GB" Province="West Yorkshire" Population="724400" Longitude="0" Latitude="0"/>
	
</dataset>

