<?xml version="1.0" encoding="UTF-8" ?>
<testsuite failures="0" time="1.197" errors="0" skipped="0" tests="0" name="TestSuite">
  <properties>
    <property name="java.runtime.name" value="Java(TM) SE Runtime Environment"/>
    <property name="sun.boot.library.path" value="/Library/Java/JavaVirtualMachines/1.6.0.jdk/Contents/Libraries"/>
    <property name="java.vm.version" value="20.65-b04-468"/>
    <property name="awt.nativeDoubleBuffering" value="true"/>
    <property name="gopherProxySet" value="false"/>
    <property name="mrj.build" value="11M4833"/>
    <property name="java.vm.vendor" value="Apple Inc."/>
    <property name="java.vendor.url" value="http://www.apple.com/"/>
    <property name="path.separator" value=":"/>
    <property name="java.vm.name" value="Java HotSpot(TM) 64-Bit Server VM"/>
    <property name="file.encoding.pkg" value="sun.io"/>
    <property name="user.country" value="US"/>
    <property name="sun.java.launcher" value="SUN_STANDARD"/>
    <property name="sun.os.patch.level" value="unknown"/>
    <property name="java.vm.specification.name" value="Java Virtual Machine Specification"/>
    <property name="user.dir" value="/Users/ive/Dropbox/DSToolkit/iveBranch"/>
    <property name="java.runtime.version" value="1.6.0_65-b14-468-11M4833"/>
    <property name="java.awt.graphicsenv" value="apple.awt.CGraphicsEnvironment"/>
    <property name="basedir" value="/Users/ive/Dropbox/DSToolkit/iveBranch"/>
    <property name="java.endorsed.dirs" value="/Library/Java/JavaVirtualMachines/1.6.0.jdk/Contents/Home/lib/endorsed"/>
    <property name="os.arch" value="x86_64"/>
    <property name="surefire.real.class.path" value="/var/folders/bt/gyybcd9s1j34fnfgngqwk2fc0000gr/T/surefirebooter6881359895958779322.jar"/>
    <property name="java.io.tmpdir" value="/var/folders/bt/gyybcd9s1j34fnfgngqwk2fc0000gr/T/"/>
    <property name="line.separator" value="
"/>
    <property name="java.vm.specification.vendor" value="Sun Microsystems Inc."/>
    <property name="os.name" value="Mac OS X"/>
    <property name="sun.jnu.encoding" value="MacRoman"/>
    <property name="java.library.path" value=".:/Library/Java/Extensions:/System/Library/Java/Extensions:/usr/lib/java"/>
    <property name="surefire.test.class.path" value="/Users/ive/Dropbox/DSToolkit/iveBranch/target/test-classes:/Users/ive/Dropbox/DSToolkit/iveBranch/target/classes:/Users/ive/.m2/repository/uk/com/robust-it/cloning/1.9.0/cloning-1.9.0.jar:/Users/ive/.m2/repository/org/objenesis/objenesis/1.2/objenesis-1.2.jar:/Users/ive/.m2/repository/commons-io/commons-io/2.4/commons-io-2.4.jar:/Users/ive/.m2/repository/org/springframework/spring-web/3.0.5.RELEASE/spring-web-3.0.5.RELEASE.jar:/Users/ive/.m2/repository/aopalliance/aopalliance/1.0/aopalliance-1.0.jar:/Users/ive/.m2/repository/org/springframework/spring-beans/3.0.5.RELEASE/spring-beans-3.0.5.RELEASE.jar:/Users/ive/.m2/repository/org/springframework/spring-core/3.0.5.RELEASE/spring-core-3.0.5.RELEASE.jar:/Users/ive/.m2/repository/org/springframework/spring-orm/3.0.5.RELEASE/spring-orm-3.0.5.RELEASE.jar:/Users/ive/.m2/repository/org/springframework/spring-jdbc/3.0.5.RELEASE/spring-jdbc-3.0.5.RELEASE.jar:/Users/ive/.m2/repository/org/springframework/spring-context/3.0.5.RELEASE/spring-context-3.0.5.RELEASE.jar:/Users/ive/.m2/repository/org/springframework/spring-aop/3.0.5.RELEASE/spring-aop-3.0.5.RELEASE.jar:/Users/ive/.m2/repository/org/springframework/spring-expression/3.0.5.RELEASE/spring-expression-3.0.5.RELEASE.jar:/Users/ive/.m2/repository/org/springframework/spring-asm/3.0.5.RELEASE/spring-asm-3.0.5.RELEASE.jar:/Users/ive/.m2/repository/org/springframework/spring-tx/3.0.5.RELEASE/spring-tx-3.0.5.RELEASE.jar:/Users/ive/.m2/repository/org/springframework/spring-webmvc/3.0.5.RELEASE/spring-webmvc-3.0.5.RELEASE.jar:/Users/ive/.m2/repository/org/springframework/spring-context-support/3.0.5.RELEASE/spring-context-support-3.0.5.RELEASE.jar:/Users/ive/.m2/repository/org/springframework/spring-oxm/3.0.5.RELEASE/spring-oxm-3.0.5.RELEASE.jar:/Users/ive/.m2/repository/org/springframework/spring-aspects/3.0.5.RELEASE/spring-aspects-3.0.5.RELEASE.jar:/Users/ive/.m2/repository/org/aspectj/aspectjrt/1.6.9/aspectjrt-1.6.9.jar:/Users/ive/.m2/repository/org/aspectj/aspectjweaver/1.6.8/aspectjweaver-1.6.8.jar:/Users/ive/.m2/repository/maven/maven-hibernate-plugin/1.3/maven-hibernate-plugin-1.3.jar:/Users/ive/.m2/repository/hibernate/hibernate/2.1.3/hibernate-2.1.3.jar:/Users/ive/.m2/repository/hibernate/hibernate-tools/2.1.3/hibernate-tools-2.1.3.jar:/Users/ive/.m2/repository/ant/ant/1.5.3-1/ant-1.5.3-1.jar:/Users/ive/.m2/repository/commons-jelly/commons-jelly/20030902.160215/commons-jelly-20030902.160215.jar:/Users/ive/.m2/repository/commons-cli/commons-cli/1.0/commons-cli-1.0.jar:/Users/ive/.m2/repository/commons-discovery/commons-discovery/20030211.213356/commons-discovery-20030211.213356.jar:/Users/ive/.m2/repository/forehead/forehead/1.0-beta-2/forehead-1.0-beta-2.jar:/Users/ive/.m2/repository/commons-beanutils/commons-beanutils/1.6.1/commons-beanutils-1.6.1.jar:/Users/ive/.m2/repository/commons-logging/commons-logging/1.0.3/commons-logging-1.0.3.jar:/Users/ive/.m2/repository/commons-pool/commons-pool/1.1/commons-pool-1.1.jar:/Users/ive/.m2/repository/odmg/odmg/3.0/odmg-3.0.jar:/Users/ive/.m2/repository/dom4j/dom4j/1.4/dom4j-1.4.jar:/Users/ive/.m2/repository/jaxen/jaxen/1.0-FCS/jaxen-1.0-FCS.jar:/Users/ive/.m2/repository/saxpath/saxpath/1.0-FCS/saxpath-1.0-FCS.jar:/Users/ive/.m2/repository/msv/msv/20020414/msv-20020414.jar:/Users/ive/.m2/repository/isorelax/isorelax/20020414/isorelax-20020414.jar:/Users/ive/.m2/repository/jdom/jdom/1.0/jdom-1.0.jar:/Users/ive/.m2/repository/org/hibernate/hibernate-annotations/3.4.0.GA/hibernate-annotations-3.4.0.GA-sources.jar:/Users/ive/.m2/repository/org/hibernate/ejb3-persistence/1.0.2.GA/ejb3-persistence-1.0.2.GA.jar:/Users/ive/.m2/repository/org/hibernate/hibernate-core/3.3.2.GA/hibernate-core-3.3.2.GA.jar:/Users/ive/.m2/repository/antlr/antlr/2.7.6/antlr-2.7.6.jar:/Users/ive/.m2/repository/javax/transaction/jta/1.1/jta-1.1.jar:/Users/ive/.m2/repository/org/hibernate/hibernate-entitymanager/3.4.0.GA/hibernate-entitymanager-3.4.0.GA.jar:/Users/ive/.m2/repository/org/hibernate/hibernate-annotations/3.4.0.GA/hibernate-annotations-3.4.0.GA.jar:/Users/ive/.m2/repository/javassist/javassist/3.4.GA/javassist-3.4.GA.jar:/Users/ive/.m2/repository/org/hibernate/hibernate-commons-annotations/3.3.0.ga/hibernate-commons-annotations-3.3.0.ga.jar:/Users/ive/.m2/repository/org/hibernate/hibernate/3.2.1.ga/hibernate-3.2.1.ga.jar:/Users/ive/.m2/repository/net/sf/ehcache/ehcache/1.2.3/ehcache-1.2.3.jar:/Users/ive/.m2/repository/asm/asm-attrs/1.5.3/asm-attrs-1.5.3.jar:/Users/ive/.m2/repository/postgresql/postgresql/8.4-701.jdbc3/postgresql-8.4-701.jdbc3.jar:/Users/ive/.m2/repository/mysql/mysql-connector-java/5.1.15/mysql-connector-java-5.1.15.jar:/Users/ive/.m2/repository/commons-dbcp/commons-dbcp/1.3/commons-dbcp-1.3.jar:/Users/ive/.m2/repository/org/hibernate/hibernate-c3p0/3.3.2.GA/hibernate-c3p0-3.3.2.GA.jar:/Users/ive/.m2/repository/c3p0/c3p0/0.9.1/c3p0-0.9.1.jar:/Users/ive/.m2/repository/javax/persistence/persistence-api/1.0/persistence-api-1.0.jar:/Users/ive/.m2/repository/javax/sql/jdbc-stdext/2.0/jdbc-stdext-2.0-sources.jar:/Users/ive/.m2/repository/javax/servlet/servlet-api/2.5/servlet-api-2.5.jar:/Users/ive/.m2/repository/javax/servlet/jsp/jsp-api/2.1/jsp-api-2.1.jar:/Users/ive/.m2/repository/javax/servlet/jstl/1.2/jstl-1.2.jar:/Users/ive/.m2/repository/org/apache/tiles/tiles-api/2.2.2/tiles-api-2.2.2.jar:/Users/ive/.m2/repository/org/apache/tiles/tiles-core/2.2.2/tiles-core-2.2.2.jar:/Users/ive/.m2/repository/commons-digester/commons-digester/2.0/commons-digester-2.0.jar:/Users/ive/.m2/repository/org/slf4j/jcl-over-slf4j/1.5.8/jcl-over-slf4j-1.5.8.jar:/Users/ive/.m2/repository/org/apache/tiles/tiles-jsp/2.2.2/tiles-jsp-2.2.2.jar:/Users/ive/.m2/repository/org/apache/tiles/tiles-servlet/2.2.2/tiles-servlet-2.2.2.jar:/Users/ive/.m2/repository/org/apache/tiles/tiles-template/2.2.2/tiles-template-2.2.2.jar:/Users/ive/.m2/repository/org/apache/tiles/tiles-el/2.2.2/tiles-el-2.2.2.jar:/Users/ive/.m2/repository/org/apache/poi/poi/3.10.1/poi-3.10.1.jar:/Users/ive/.m2/repository/commons-codec/commons-codec/1.5/commons-codec-1.5.jar:/Users/ive/.m2/repository/org/codehaus/jackson/jackson-core-asl/1.8.0/jackson-core-asl-1.8.0.jar:/Users/ive/.m2/repository/org/codehaus/jackson/jackson-core-lgpl/1.8.0/jackson-core-lgpl-1.8.0.jar:/Users/ive/.m2/repository/org/codehaus/jackson/jackson-mapper-asl/1.8.0/jackson-mapper-asl-1.8.0.jar:/Users/ive/.m2/repository/org/codehaus/jackson/jackson-mapper-lgpl/1.8.0/jackson-mapper-lgpl-1.8.0.jar:/Users/ive/.m2/repository/junit/junit/4.8.1/junit-4.8.1.jar:/Users/ive/.m2/repository/org/dbunit/dbunit/2.4.8/dbunit-2.4.8.jar:/Users/ive/.m2/repository/org/springframework/spring-test/3.0.5.RELEASE/spring-test-3.0.5.RELEASE.jar:/Users/ive/.m2/repository/org/mockito/mockito-all/1.8.4/mockito-all-1.8.4.jar:/Users/ive/.m2/repository/org/apache/maven/surefire/surefire-testng/2.5/surefire-testng-2.5.jar:/Users/ive/.m2/repository/org/apache/maven/maven-artifact/2.0/maven-artifact-2.0.jar:/Users/ive/.m2/repository/org/codehaus/plexus/plexus-utils/1.0.4/plexus-utils-1.0.4.jar:/Users/ive/.m2/repository/org/testng/testng/5.7/testng-5.7-jdk15.jar:/Users/ive/.m2/repository/org/apache/maven/surefire/surefire-api/2.5/surefire-api-2.5.jar:/Users/ive/.m2/repository/log4j/log4j/1.2.16/log4j-1.2.16.jar:/Users/ive/.m2/repository/org/slf4j/slf4j-api/1.5.6/slf4j-api-1.5.6.jar:/Users/ive/.m2/repository/org/slf4j/slf4j-log4j12/1.5.6/slf4j-log4j12-1.5.6.jar:/Users/ive/.m2/repository/javax/xml/bind/jaxb-api/2.2.1/jaxb-api-2.2.1.jar:/Users/ive/.m2/repository/javax/xml/stream/stax-api/1.0-2/stax-api-1.0-2.jar:/Users/ive/.m2/repository/javax/activation/activation/1.1/activation-1.1.jar:/Users/ive/.m2/repository/com/sun/xml/bind/jaxb-impl/2.2.1.1/jaxb-impl-2.2.1.1.jar:/Users/ive/.m2/repository/com/sun/xsom/xsom/20100725/xsom-20100725.jar:/Users/ive/.m2/repository/relaxngDatatype/relaxngDatatype/20020414/relaxngDatatype-20020414.jar:/Users/ive/.m2/repository/existdb/exist/1.4/exist-1.4.jar:/Users/ive/.m2/repository/org/xmldb/xmldb/1.4/xmldb-1.4.jar:/Users/ive/.m2/repository/com/thoughtworks/xstream/xstream/1.3.1/xstream-1.3.1.jar:/Users/ive/.m2/repository/xpp3/xpp3_min/1.1.4c/xpp3_min-1.1.4c.jar:/Users/ive/.m2/repository/org/antlr/antlr/3.2/antlr-3.2.jar:/Users/ive/.m2/repository/org/antlr/antlr-runtime/3.2/antlr-runtime-3.2.jar:/Users/ive/.m2/repository/org/antlr/stringtemplate/3.2/stringtemplate-3.2.jar:/Users/ive/.m2/repository/org/apache/jena/jena-arq/2.10.1/jena-arq-2.10.1.jar:/Users/ive/.m2/repository/org/apache/httpcomponents/httpclient/4.2.3/httpclient-4.2.3.jar:/Users/ive/.m2/repository/org/apache/httpcomponents/httpcore/4.2.2/httpcore-4.2.2.jar:/Users/ive/.m2/repository/org/apache/jena/jena-arq/2.10.1/jena-arq-2.10.1-sources.jar:/Users/ive/.m2/repository/org/apache/jena/jena-arq/2.10.1/jena-arq-2.10.1-javadoc.jar:/Users/ive/.m2/repository/org/apache/jena/jena-core/2.10.1/jena-core-2.10.1.jar:/Users/ive/.m2/repository/xerces/xercesImpl/2.11.0/xercesImpl-2.11.0.jar:/Users/ive/.m2/repository/xml-apis/xml-apis/1.4.01/xml-apis-1.4.01.jar:/Users/ive/.m2/repository/org/apache/jena/jena-core/2.10.1/jena-core-2.10.1-sources.jar:/Users/ive/.m2/repository/org/apache/jena/jena-core/2.10.1/jena-core-2.10.1-javadoc.jar:/Users/ive/.m2/repository/org/apache/jena/jena-tdb/0.10.1/jena-tdb-0.10.1.jar:/Users/ive/.m2/repository/org/apache/jena/jena-tdb/0.10.1/jena-tdb-0.10.1-sources.jar:/Users/ive/.m2/repository/org/apache/jena/jena-tdb/0.10.1/jena-tdb-0.10.1-javadoc.jar:/Users/ive/.m2/repository/org/apache/jena/jena-iri/0.9.6/jena-iri-0.9.6.jar:/Users/ive/.m2/repository/org/apache/jena/jena-iri/0.9.6/jena-iri-0.9.6-sources.jar:/Users/ive/.m2/repository/org/apache/jena/jena-sdb/1.3.6/jena-sdb-1.3.6.jar:/Users/ive/.m2/repository/net/rootdev/JenaJung/0.1.1/JenaJung-0.1.1.jar:/Users/ive/.m2/repository/net/sf/jung/jung-jai/2.0.1/jung-jai-2.0.1.jar:/Users/ive/.m2/repository/net/sf/jung/jung-api/2.0.1/jung-api-2.0.1.jar:/Users/ive/.m2/repository/net/sf/jung/jung-visualization/2.0.1/jung-visualization-2.0.1.jar:/Users/ive/.m2/repository/net/sf/jung/jung-algorithms/2.0.1/jung-algorithms-2.0.1.jar:/Users/ive/.m2/repository/colt/colt/1.2.0/colt-1.2.0.jar:/Users/ive/.m2/repository/concurrent/concurrent/1.3.4/concurrent-1.3.4.jar:/Users/ive/.m2/repository/net/sf/jung/jung-graph-impl/2.0.1/jung-graph-impl-2.0.1.jar:/Users/ive/.m2/repository/net/sourceforge/collections/collections-generic/4.01/collections-generic-4.01.jar:/Users/ive/.m2/repository/jboss/jboss-j2ee/4.0.2/jboss-j2ee-4.0.2.jar:/Users/ive/.m2/repository/commons-lang/commons-lang/2.5/commons-lang-2.5.jar:/Users/ive/.m2/repository/commons-collections/commons-collections/3.2.1/commons-collections-3.2.1.jar:/Users/ive/.m2/repository/cglib/cglib/2.1_3/cglib-2.1_3.jar:/Users/ive/.m2/repository/asm/asm/1.5.3/asm-1.5.3.jar:/Users/ive/.m2/repository/org/coinor/opents/1.0/opents-1.0.jar:/Users/ive/.m2/repository/org/tuckey/urlrewritefilter/3.1.0/urlrewritefilter-3.1.0.jar:/Users/ive/.m2/repository/org/apache/xmlrpc/xmlrpc-client/3.1.3/xmlrpc-client-3.1.3.jar:/Users/ive/.m2/repository/org/apache/xmlrpc/xmlrpc-common/3.1.3/xmlrpc-common-3.1.3.jar:/Users/ive/.m2/repository/org/apache/ws/commons/util/ws-commons-util/1.0.2/ws-commons-util-1.0.2.jar:/Users/ive/.m2/repository/net/sf/dozer/dozer/5.3.2/dozer-5.3.2.jar:/Users/ive/.m2/repository/edu/gmu/cs/ecj/20.0/ecj-20.0.jar:/Users/ive/.m2/repository/se/scalablesolutions/akka/akka-actor/1.3-RC2/akka-actor-1.3-RC2.jar:/Users/ive/.m2/repository/org/scala-lang/scala-library/2.9.1/scala-library-2.9.1.jar:"/>
    <property name="java.specification.name" value="Java Platform API Specification"/>
    <property name="java.class.version" value="50.0"/>
    <property name="sun.management.compiler" value="HotSpot 64-Bit Tiered Compilers"/>
    <property name="os.version" value="10.9.5"/>
    <property name="http.nonProxyHosts" value="local|*.local|169.254/16|*.169.254/16"/>
    <property name="user.home" value="/Users/ive"/>
    <property name="user.timezone" value="America/Sao_Paulo"/>
    <property name="java.awt.printerjob" value="apple.awt.CPrinterJob"/>
    <property name="java.specification.version" value="1.6"/>
    <property name="file.encoding" value="MacRoman"/>
    <property name="user.name" value="ive"/>
    <property name="java.class.path" value="/Users/ive/Dropbox/DSToolkit/iveBranch/target/test-classes:/Users/ive/Dropbox/DSToolkit/iveBranch/target/classes:/Users/ive/.m2/repository/uk/com/robust-it/cloning/1.9.0/cloning-1.9.0.jar:/Users/ive/.m2/repository/org/objenesis/objenesis/1.2/objenesis-1.2.jar:/Users/ive/.m2/repository/commons-io/commons-io/2.4/commons-io-2.4.jar:/Users/ive/.m2/repository/org/springframework/spring-web/3.0.5.RELEASE/spring-web-3.0.5.RELEASE.jar:/Users/ive/.m2/repository/aopalliance/aopalliance/1.0/aopalliance-1.0.jar:/Users/ive/.m2/repository/org/springframework/spring-beans/3.0.5.RELEASE/spring-beans-3.0.5.RELEASE.jar:/Users/ive/.m2/repository/org/springframework/spring-core/3.0.5.RELEASE/spring-core-3.0.5.RELEASE.jar:/Users/ive/.m2/repository/org/springframework/spring-orm/3.0.5.RELEASE/spring-orm-3.0.5.RELEASE.jar:/Users/ive/.m2/repository/org/springframework/spring-jdbc/3.0.5.RELEASE/spring-jdbc-3.0.5.RELEASE.jar:/Users/ive/.m2/repository/org/springframework/spring-context/3.0.5.RELEASE/spring-context-3.0.5.RELEASE.jar:/Users/ive/.m2/repository/org/springframework/spring-aop/3.0.5.RELEASE/spring-aop-3.0.5.RELEASE.jar:/Users/ive/.m2/repository/org/springframework/spring-expression/3.0.5.RELEASE/spring-expression-3.0.5.RELEASE.jar:/Users/ive/.m2/repository/org/springframework/spring-asm/3.0.5.RELEASE/spring-asm-3.0.5.RELEASE.jar:/Users/ive/.m2/repository/org/springframework/spring-tx/3.0.5.RELEASE/spring-tx-3.0.5.RELEASE.jar:/Users/ive/.m2/repository/org/springframework/spring-webmvc/3.0.5.RELEASE/spring-webmvc-3.0.5.RELEASE.jar:/Users/ive/.m2/repository/org/springframework/spring-context-support/3.0.5.RELEASE/spring-context-support-3.0.5.RELEASE.jar:/Users/ive/.m2/repository/org/springframework/spring-oxm/3.0.5.RELEASE/spring-oxm-3.0.5.RELEASE.jar:/Users/ive/.m2/repository/org/springframework/spring-aspects/3.0.5.RELEASE/spring-aspects-3.0.5.RELEASE.jar:/Users/ive/.m2/repository/org/aspectj/aspectjrt/1.6.9/aspectjrt-1.6.9.jar:/Users/ive/.m2/repository/org/aspectj/aspectjweaver/1.6.8/aspectjweaver-1.6.8.jar:/Users/ive/.m2/repository/maven/maven-hibernate-plugin/1.3/maven-hibernate-plugin-1.3.jar:/Users/ive/.m2/repository/hibernate/hibernate/2.1.3/hibernate-2.1.3.jar:/Users/ive/.m2/repository/hibernate/hibernate-tools/2.1.3/hibernate-tools-2.1.3.jar:/Users/ive/.m2/repository/ant/ant/1.5.3-1/ant-1.5.3-1.jar:/Users/ive/.m2/repository/commons-jelly/commons-jelly/20030902.160215/commons-jelly-20030902.160215.jar:/Users/ive/.m2/repository/commons-cli/commons-cli/1.0/commons-cli-1.0.jar:/Users/ive/.m2/repository/commons-discovery/commons-discovery/20030211.213356/commons-discovery-20030211.213356.jar:/Users/ive/.m2/repository/forehead/forehead/1.0-beta-2/forehead-1.0-beta-2.jar:/Users/ive/.m2/repository/commons-beanutils/commons-beanutils/1.6.1/commons-beanutils-1.6.1.jar:/Users/ive/.m2/repository/commons-logging/commons-logging/1.0.3/commons-logging-1.0.3.jar:/Users/ive/.m2/repository/commons-pool/commons-pool/1.1/commons-pool-1.1.jar:/Users/ive/.m2/repository/odmg/odmg/3.0/odmg-3.0.jar:/Users/ive/.m2/repository/dom4j/dom4j/1.4/dom4j-1.4.jar:/Users/ive/.m2/repository/jaxen/jaxen/1.0-FCS/jaxen-1.0-FCS.jar:/Users/ive/.m2/repository/saxpath/saxpath/1.0-FCS/saxpath-1.0-FCS.jar:/Users/ive/.m2/repository/msv/msv/20020414/msv-20020414.jar:/Users/ive/.m2/repository/isorelax/isorelax/20020414/isorelax-20020414.jar:/Users/ive/.m2/repository/jdom/jdom/1.0/jdom-1.0.jar:/Users/ive/.m2/repository/org/hibernate/hibernate-annotations/3.4.0.GA/hibernate-annotations-3.4.0.GA-sources.jar:/Users/ive/.m2/repository/org/hibernate/ejb3-persistence/1.0.2.GA/ejb3-persistence-1.0.2.GA.jar:/Users/ive/.m2/repository/org/hibernate/hibernate-core/3.3.2.GA/hibernate-core-3.3.2.GA.jar:/Users/ive/.m2/repository/antlr/antlr/2.7.6/antlr-2.7.6.jar:/Users/ive/.m2/repository/javax/transaction/jta/1.1/jta-1.1.jar:/Users/ive/.m2/repository/org/hibernate/hibernate-entitymanager/3.4.0.GA/hibernate-entitymanager-3.4.0.GA.jar:/Users/ive/.m2/repository/org/hibernate/hibernate-annotations/3.4.0.GA/hibernate-annotations-3.4.0.GA.jar:/Users/ive/.m2/repository/javassist/javassist/3.4.GA/javassist-3.4.GA.jar:/Users/ive/.m2/repository/org/hibernate/hibernate-commons-annotations/3.3.0.ga/hibernate-commons-annotations-3.3.0.ga.jar:/Users/ive/.m2/repository/org/hibernate/hibernate/3.2.1.ga/hibernate-3.2.1.ga.jar:/Users/ive/.m2/repository/net/sf/ehcache/ehcache/1.2.3/ehcache-1.2.3.jar:/Users/ive/.m2/repository/asm/asm-attrs/1.5.3/asm-attrs-1.5.3.jar:/Users/ive/.m2/repository/postgresql/postgresql/8.4-701.jdbc3/postgresql-8.4-701.jdbc3.jar:/Users/ive/.m2/repository/mysql/mysql-connector-java/5.1.15/mysql-connector-java-5.1.15.jar:/Users/ive/.m2/repository/commons-dbcp/commons-dbcp/1.3/commons-dbcp-1.3.jar:/Users/ive/.m2/repository/org/hibernate/hibernate-c3p0/3.3.2.GA/hibernate-c3p0-3.3.2.GA.jar:/Users/ive/.m2/repository/c3p0/c3p0/0.9.1/c3p0-0.9.1.jar:/Users/ive/.m2/repository/javax/persistence/persistence-api/1.0/persistence-api-1.0.jar:/Users/ive/.m2/repository/javax/sql/jdbc-stdext/2.0/jdbc-stdext-2.0-sources.jar:/Users/ive/.m2/repository/javax/servlet/servlet-api/2.5/servlet-api-2.5.jar:/Users/ive/.m2/repository/javax/servlet/jsp/jsp-api/2.1/jsp-api-2.1.jar:/Users/ive/.m2/repository/javax/servlet/jstl/1.2/jstl-1.2.jar:/Users/ive/.m2/repository/org/apache/tiles/tiles-api/2.2.2/tiles-api-2.2.2.jar:/Users/ive/.m2/repository/org/apache/tiles/tiles-core/2.2.2/tiles-core-2.2.2.jar:/Users/ive/.m2/repository/commons-digester/commons-digester/2.0/commons-digester-2.0.jar:/Users/ive/.m2/repository/org/slf4j/jcl-over-slf4j/1.5.8/jcl-over-slf4j-1.5.8.jar:/Users/ive/.m2/repository/org/apache/tiles/tiles-jsp/2.2.2/tiles-jsp-2.2.2.jar:/Users/ive/.m2/repository/org/apache/tiles/tiles-servlet/2.2.2/tiles-servlet-2.2.2.jar:/Users/ive/.m2/repository/org/apache/tiles/tiles-template/2.2.2/tiles-template-2.2.2.jar:/Users/ive/.m2/repository/org/apache/tiles/tiles-el/2.2.2/tiles-el-2.2.2.jar:/Users/ive/.m2/repository/org/apache/poi/poi/3.10.1/poi-3.10.1.jar:/Users/ive/.m2/repository/commons-codec/commons-codec/1.5/commons-codec-1.5.jar:/Users/ive/.m2/repository/org/codehaus/jackson/jackson-core-asl/1.8.0/jackson-core-asl-1.8.0.jar:/Users/ive/.m2/repository/org/codehaus/jackson/jackson-core-lgpl/1.8.0/jackson-core-lgpl-1.8.0.jar:/Users/ive/.m2/repository/org/codehaus/jackson/jackson-mapper-asl/1.8.0/jackson-mapper-asl-1.8.0.jar:/Users/ive/.m2/repository/org/codehaus/jackson/jackson-mapper-lgpl/1.8.0/jackson-mapper-lgpl-1.8.0.jar:/Users/ive/.m2/repository/junit/junit/4.8.1/junit-4.8.1.jar:/Users/ive/.m2/repository/org/dbunit/dbunit/2.4.8/dbunit-2.4.8.jar:/Users/ive/.m2/repository/org/springframework/spring-test/3.0.5.RELEASE/spring-test-3.0.5.RELEASE.jar:/Users/ive/.m2/repository/org/mockito/mockito-all/1.8.4/mockito-all-1.8.4.jar:/Users/ive/.m2/repository/org/apache/maven/surefire/surefire-testng/2.5/surefire-testng-2.5.jar:/Users/ive/.m2/repository/org/apache/maven/maven-artifact/2.0/maven-artifact-2.0.jar:/Users/ive/.m2/repository/org/codehaus/plexus/plexus-utils/1.0.4/plexus-utils-1.0.4.jar:/Users/ive/.m2/repository/org/testng/testng/5.7/testng-5.7-jdk15.jar:/Users/ive/.m2/repository/org/apache/maven/surefire/surefire-api/2.5/surefire-api-2.5.jar:/Users/ive/.m2/repository/log4j/log4j/1.2.16/log4j-1.2.16.jar:/Users/ive/.m2/repository/org/slf4j/slf4j-api/1.5.6/slf4j-api-1.5.6.jar:/Users/ive/.m2/repository/org/slf4j/slf4j-log4j12/1.5.6/slf4j-log4j12-1.5.6.jar:/Users/ive/.m2/repository/javax/xml/bind/jaxb-api/2.2.1/jaxb-api-2.2.1.jar:/Users/ive/.m2/repository/javax/xml/stream/stax-api/1.0-2/stax-api-1.0-2.jar:/Users/ive/.m2/repository/javax/activation/activation/1.1/activation-1.1.jar:/Users/ive/.m2/repository/com/sun/xml/bind/jaxb-impl/2.2.1.1/jaxb-impl-2.2.1.1.jar:/Users/ive/.m2/repository/com/sun/xsom/xsom/20100725/xsom-20100725.jar:/Users/ive/.m2/repository/relaxngDatatype/relaxngDatatype/20020414/relaxngDatatype-20020414.jar:/Users/ive/.m2/repository/existdb/exist/1.4/exist-1.4.jar:/Users/ive/.m2/repository/org/xmldb/xmldb/1.4/xmldb-1.4.jar:/Users/ive/.m2/repository/com/thoughtworks/xstream/xstream/1.3.1/xstream-1.3.1.jar:/Users/ive/.m2/repository/xpp3/xpp3_min/1.1.4c/xpp3_min-1.1.4c.jar:/Users/ive/.m2/repository/org/antlr/antlr/3.2/antlr-3.2.jar:/Users/ive/.m2/repository/org/antlr/antlr-runtime/3.2/antlr-runtime-3.2.jar:/Users/ive/.m2/repository/org/antlr/stringtemplate/3.2/stringtemplate-3.2.jar:/Users/ive/.m2/repository/org/apache/jena/jena-arq/2.10.1/jena-arq-2.10.1.jar:/Users/ive/.m2/repository/org/apache/httpcomponents/httpclient/4.2.3/httpclient-4.2.3.jar:/Users/ive/.m2/repository/org/apache/httpcomponents/httpcore/4.2.2/httpcore-4.2.2.jar:/Users/ive/.m2/repository/org/apache/jena/jena-arq/2.10.1/jena-arq-2.10.1-sources.jar:/Users/ive/.m2/repository/org/apache/jena/jena-arq/2.10.1/jena-arq-2.10.1-javadoc.jar:/Users/ive/.m2/repository/org/apache/jena/jena-core/2.10.1/jena-core-2.10.1.jar:/Users/ive/.m2/repository/xerces/xercesImpl/2.11.0/xercesImpl-2.11.0.jar:/Users/ive/.m2/repository/xml-apis/xml-apis/1.4.01/xml-apis-1.4.01.jar:/Users/ive/.m2/repository/org/apache/jena/jena-core/2.10.1/jena-core-2.10.1-sources.jar:/Users/ive/.m2/repository/org/apache/jena/jena-core/2.10.1/jena-core-2.10.1-javadoc.jar:/Users/ive/.m2/repository/org/apache/jena/jena-tdb/0.10.1/jena-tdb-0.10.1.jar:/Users/ive/.m2/repository/org/apache/jena/jena-tdb/0.10.1/jena-tdb-0.10.1-sources.jar:/Users/ive/.m2/repository/org/apache/jena/jena-tdb/0.10.1/jena-tdb-0.10.1-javadoc.jar:/Users/ive/.m2/repository/org/apache/jena/jena-iri/0.9.6/jena-iri-0.9.6.jar:/Users/ive/.m2/repository/org/apache/jena/jena-iri/0.9.6/jena-iri-0.9.6-sources.jar:/Users/ive/.m2/repository/org/apache/jena/jena-sdb/1.3.6/jena-sdb-1.3.6.jar:/Users/ive/.m2/repository/net/rootdev/JenaJung/0.1.1/JenaJung-0.1.1.jar:/Users/ive/.m2/repository/net/sf/jung/jung-jai/2.0.1/jung-jai-2.0.1.jar:/Users/ive/.m2/repository/net/sf/jung/jung-api/2.0.1/jung-api-2.0.1.jar:/Users/ive/.m2/repository/net/sf/jung/jung-visualization/2.0.1/jung-visualization-2.0.1.jar:/Users/ive/.m2/repository/net/sf/jung/jung-algorithms/2.0.1/jung-algorithms-2.0.1.jar:/Users/ive/.m2/repository/colt/colt/1.2.0/colt-1.2.0.jar:/Users/ive/.m2/repository/concurrent/concurrent/1.3.4/concurrent-1.3.4.jar:/Users/ive/.m2/repository/net/sf/jung/jung-graph-impl/2.0.1/jung-graph-impl-2.0.1.jar:/Users/ive/.m2/repository/net/sourceforge/collections/collections-generic/4.01/collections-generic-4.01.jar:/Users/ive/.m2/repository/jboss/jboss-j2ee/4.0.2/jboss-j2ee-4.0.2.jar:/Users/ive/.m2/repository/commons-lang/commons-lang/2.5/commons-lang-2.5.jar:/Users/ive/.m2/repository/commons-collections/commons-collections/3.2.1/commons-collections-3.2.1.jar:/Users/ive/.m2/repository/cglib/cglib/2.1_3/cglib-2.1_3.jar:/Users/ive/.m2/repository/asm/asm/1.5.3/asm-1.5.3.jar:/Users/ive/.m2/repository/org/coinor/opents/1.0/opents-1.0.jar:/Users/ive/.m2/repository/org/tuckey/urlrewritefilter/3.1.0/urlrewritefilter-3.1.0.jar:/Users/ive/.m2/repository/org/apache/xmlrpc/xmlrpc-client/3.1.3/xmlrpc-client-3.1.3.jar:/Users/ive/.m2/repository/org/apache/xmlrpc/xmlrpc-common/3.1.3/xmlrpc-common-3.1.3.jar:/Users/ive/.m2/repository/org/apache/ws/commons/util/ws-commons-util/1.0.2/ws-commons-util-1.0.2.jar:/Users/ive/.m2/repository/net/sf/dozer/dozer/5.3.2/dozer-5.3.2.jar:/Users/ive/.m2/repository/edu/gmu/cs/ecj/20.0/ecj-20.0.jar:/Users/ive/.m2/repository/se/scalablesolutions/akka/akka-actor/1.3-RC2/akka-actor-1.3-RC2.jar:/Users/ive/.m2/repository/org/scala-lang/scala-library/2.9.1/scala-library-2.9.1.jar:"/>
    <property name="java.vm.specification.version" value="1.0"/>
    <property name="sun.arch.data.model" value="64"/>
    <property name="java.home" value="/Library/Java/JavaVirtualMachines/1.6.0.jdk/Contents/Home"/>
    <property name="sun.java.command" value="/var/folders/bt/gyybcd9s1j34fnfgngqwk2fc0000gr/T/surefirebooter6881359895958779322.jar /var/folders/bt/gyybcd9s1j34fnfgngqwk2fc0000gr/T/surefire3515898097564102613tmp /var/folders/bt/gyybcd9s1j34fnfgngqwk2fc0000gr/T/surefire6789606842691206242tmp"/>
    <property name="java.specification.vendor" value="Sun Microsystems Inc."/>
    <property name="user.language" value="en"/>
    <property name="awt.toolkit" value="apple.awt.CToolkit"/>
    <property name="java.vm.info" value="mixed mode"/>
    <property name="java.version" value="1.6.0_65"/>
    <property name="java.ext.dirs" value="/Library/Java/Extensions:/System/Library/Java/Extensions:/Library/Java/JavaVirtualMachines/1.6.0.jdk/Contents/Home/lib/ext"/>
    <property name="sun.boot.class.path" value="/Library/Java/JavaVirtualMachines/1.6.0.jdk/Contents/Classes/jsfd.jar:/Library/Java/JavaVirtualMachines/1.6.0.jdk/Contents/Classes/classes.jar:/System/Library/Frameworks/JavaVM.framework/Frameworks/JavaRuntimeSupport.framework/Resources/Java/JavaRuntimeSupport.jar:/Library/Java/JavaVirtualMachines/1.6.0.jdk/Contents/Classes/ui.jar:/Library/Java/JavaVirtualMachines/1.6.0.jdk/Contents/Classes/laf.jar:/Library/Java/JavaVirtualMachines/1.6.0.jdk/Contents/Classes/sunrsasign.jar:/Library/Java/JavaVirtualMachines/1.6.0.jdk/Contents/Classes/jsse.jar:/Library/Java/JavaVirtualMachines/1.6.0.jdk/Contents/Classes/jce.jar:/Library/Java/JavaVirtualMachines/1.6.0.jdk/Contents/Classes/charsets.jar"/>
    <property name="java.vendor" value="Apple Inc."/>
    <property name="localRepository" value="/Users/ive/.m2/repository"/>
    <property name="file.separator" value="/"/>
    <property name="java.vendor.url.bug" value="http://bugreport.apple.com/"/>
    <property name="sun.cpu.endian" value="little"/>
    <property name="sun.io.unicode.encoding" value="UnicodeLittle"/>
    <property name="mrj.version" value="1070.1.6.0_65-468"/>
    <property name="socksNonProxyHosts" value="local|*.local|169.254/16|*.169.254/16"/>
    <property name="ftp.nonProxyHosts" value="local|*.local|169.254/16|*.169.254/16"/>
    <property name="sun.cpu.isalist" value=""/>
  </properties>
</testsuite>